  ExampleBaseScene.cpp
  Game.cpp
  main.cpp
  Generating Code...
     Creating library D:\School\march5Noinvisible-box\x64\Debug\SpriteLib3.0-ExampleProject.lib and object D:\School\march5Noinvisible-box\x64\Debug\SpriteLib3.0-ExampleProject.exp
LINK : warning LNK4286: symbol '??0vec2@@QEAA@XZ (public: __cdecl vec2::vec2(void))' defined in 'Vector.obj' is imported by 'Matrix.obj'
LINK : warning LNK4286: symbol '??0vec2@@QEAA@XZ (public: __cdecl vec2::vec2(void))' defined in 'Vector.obj' is imported by 'PhysicsBody.obj'
LINK : warning LNK4286: symbol '??0vec2@@QEAA@XZ (public: __cdecl vec2::vec2(void))' defined in 'Vector.obj' is imported by 'Sprite.obj'
LINK : warning LNK4217: symbol '??0vec2@@QEAA@XZ (public: __cdecl vec2::vec2(void))' defined in 'Vector.obj' is imported by 'AnimationController.obj' in function '"public: __cdecl UVCoordinates::UVCoordinates(class vec2,class vec2)" (??0UVCoordinates@@QEAA@Vvec2@@0@Z)'
LINK : warning LNK4286: symbol '??0vec2@@QEAA@XZ (public: __cdecl vec2::vec2(void))' defined in 'Vector.obj' is imported by 'EffectManager.obj'
LINK : warning LNK4286: symbol '??0vec2@@QEAA@XZ (public: __cdecl vec2::vec2(void))' defined in 'Vector.obj' is imported by 'Game.obj'
LINK : warning LNK4286: symbol '??0vec2@@QEAA@XZ (public: __cdecl vec2::vec2(void))' defined in 'Vector.obj' is imported by 'ExampleBaseScene.obj'
LINK : warning LNK4286: symbol '??0vec2@@QEAA@MM@Z (public: __cdecl vec2::vec2(float,float))' defined in 'Vector.obj' is imported by 'Sprite.obj'
LINK : warning LNK4217: symbol '??0vec2@@QEAA@MM@Z (public: __cdecl vec2::vec2(float,float))' defined in 'Vector.obj' is imported by 'TextureManager.obj' in function '"void __cdecl std::_Seek_wrapped<class std::_Vector_iterator<class std::_Vector_val<struct std::_Simple_types<class std::basic_string<char,struct std::char_traits<char>,class std::allocator<char> > > > >,class std::basic_string<char,struct std::char_traits<char>,class std::allocator<char> > *>(class std::_Vector_iterator<class std::_Vector_val<struct std::_Simple_types<class std::basic_string<char,struct std::char_traits<char>,class std::allocator<char> > > > > &,class std::basic_string<char,struct std::char_traits<char>,class std::allocator<char> > * const &)" (??$_Seek_wrapped@V?$_Vector_iterator@V?$_Vector_val@U?$_Simple_types@V?$basic_string@DU?$char_traits@D@std@@V?$allocator@D@2@@std@@@std@@@std@@@std@@PEAV?$basic_string@DU?$char_traits@D@std@@V?$allocator@D@2@@2@@std@@YAXAEAV?$_Vector_iterator@V?$_Vector_val@U?$_Simple_types@V?$basic_string@DU?$char_traits@D@std@@V?$allocator@D@2@@std@@@std@@@std@@@0@AEBQEAV?$basic_string@DU?$char_traits@D@std@@V?$allocator@D@2@@0@@Z)'
LINK : warning LNK4286: symbol '??0vec2@@QEAA@MM@Z (public: __cdecl vec2::vec2(float,float))' defined in 'Vector.obj' is imported by 'Utilities.obj'
LINK : warning LNK4286: symbol '??0vec2@@QEAA@MM@Z (public: __cdecl vec2::vec2(float,float))' defined in 'Vector.obj' is imported by 'Menu.obj'
LINK : warning LNK4286: symbol '??0vec2@@QEAA@MM@Z (public: __cdecl vec2::vec2(float,float))' defined in 'Vector.obj' is imported by 'PhysicsBody.obj'
LINK : warning LNK4286: symbol '??0vec2@@QEAA@MM@Z (public: __cdecl vec2::vec2(float,float))' defined in 'Vector.obj' is imported by 'PixelateEffect.obj'
LINK : warning LNK4286: symbol '??0vec2@@QEAA@MM@Z (public: __cdecl vec2::vec2(float,float))' defined in 'Vector.obj' is imported by 'Scene.obj'
LINK : warning LNK4286: symbol '??0vec2@@QEAA@MM@Z (public: __cdecl vec2::vec2(float,float))' defined in 'Vector.obj' is imported by 'Game.obj'
LINK : warning LNK4286: symbol '??0vec2@@QEAA@MM@Z (public: __cdecl vec2::vec2(float,float))' defined in 'Vector.obj' is imported by 'GrainEffect.obj'
LINK : warning LNK4286: symbol '??0vec2@@QEAA@MM@Z (public: __cdecl vec2::vec2(float,float))' defined in 'Vector.obj' is imported by 'ExampleBaseScene.obj'
LINK : warning LNK4286: symbol '??0vec2@@QEAA@MM@Z (public: __cdecl vec2::vec2(float,float))' defined in 'Vector.obj' is imported by 'Matrix.obj'
LINK : warning LNK4217: symbol '??0vec2@@QEAA@MM@Z (public: __cdecl vec2::vec2(float,float))' defined in 'Vector.obj' is imported by 'AnimationController.obj' in function '"public: __cdecl UVCoordinates::UVCoordinates(class vec2,class vec2)" (??0UVCoordinates@@QEAA@Vvec2@@0@Z)'
LINK : warning LNK4286: symbol '??0vec2@@QEAA@MM@Z (public: __cdecl vec2::vec2(float,float))' defined in 'Vector.obj' is imported by 'BackEnd.obj'
LINK : warning LNK4286: symbol '??0vec2@@QEAA@MM@Z (public: __cdecl vec2::vec2(float,float))' defined in 'Vector.obj' is imported by 'BloomEffect.obj'
LINK : warning LNK4286: symbol '??0vec2@@QEAA@MM@Z (public: __cdecl vec2::vec2(float,float))' defined in 'Vector.obj' is imported by 'Camera.obj'
LINK : warning LNK4217: symbol '?Dot@vec2@@QEAAMV1@@Z (public: float __cdecl vec2::Dot(class vec2))' defined in 'Vector.obj' is imported by 'Matrix.obj' in function '"public: class mat2 __cdecl mat2::operator*(class mat2)" (??Dmat2@@QEAA?AV0@V0@@Z)'
LINK : warning LNK4217: symbol '??Hvec2@@QEAA?AV0@V0@@Z (public: class vec2 __cdecl vec2::operator+(class vec2))' defined in 'Vector.obj' is imported by 'Matrix.obj' in function '"public: class mat2 __cdecl mat2::operator+(class mat2)" (??Hmat2@@QEAA?AV0@V0@@Z)'
LINK : warning LNK4286: symbol '??Hvec2@@QEAA?AV0@V0@@Z (public: class vec2 __cdecl vec2::operator+(class vec2))' defined in 'Vector.obj' is imported by 'Utilities.obj'
LINK : warning LNK4217: symbol '??Gvec2@@QEAA?AV0@V0@@Z (public: class vec2 __cdecl vec2::operator-(class vec2))' defined in 'Vector.obj' is imported by 'Matrix.obj' in function '"public: class mat2 __cdecl mat2::operator-(class mat2)" (??Gmat2@@QEAA?AV0@V0@@Z)'
LINK : warning LNK4217: symbol '??Dvec2@@QEAA?AV0@M@Z (public: class vec2 __cdecl vec2::operator*(float))' defined in 'Vector.obj' is imported by 'Matrix.obj' in function '"public: class mat2 __cdecl mat2::operator*(float)" (??Dmat2@@QEAA?AV0@M@Z)'
SOIL_ext.lib(etc1_utils.obj) : warning LNK4099: PDB 'soil2-debug.pdb' was not found with 'SOIL_ext.lib(etc1_utils.obj)' or at 'D:\School\march5Noinvisible-box\x64\Debug\soil2-debug.pdb'; linking object as if no debug info
SOIL_ext.lib(image_DXT.obj) : warning LNK4099: PDB 'soil2-debug.pdb' was not found with 'SOIL_ext.lib(image_DXT.obj)' or at 'D:\School\march5Noinvisible-box\x64\Debug\soil2-debug.pdb'; linking object as if no debug info
SOIL_ext.lib(image_helper.obj) : warning LNK4099: PDB 'soil2-debug.pdb' was not found with 'SOIL_ext.lib(image_helper.obj)' or at 'D:\School\march5Noinvisible-box\x64\Debug\soil2-debug.pdb'; linking object as if no debug info
SOIL_ext.lib(SOIL2.obj) : warning LNK4099: PDB 'soil2-debug.pdb' was not found with 'SOIL_ext.lib(SOIL2.obj)' or at 'D:\School\march5Noinvisible-box\x64\Debug\soil2-debug.pdb'; linking object as if no debug info
Box2D.lib(b2ChainShape.obj) : warning LNK4099: PDB 'Box2D.pdb' was not found with 'Box2D.lib(b2ChainShape.obj)' or at 'D:\School\march5Noinvisible-box\x64\Debug\Box2D.pdb'; linking object as if no debug info
Box2D.lib(b2CircleShape.obj) : warning LNK4099: PDB 'Box2D.pdb' was not found with 'Box2D.lib(b2CircleShape.obj)' or at 'D:\School\march5Noinvisible-box\x64\Debug\Box2D.pdb'; linking object as if no debug info
Box2D.lib(b2EdgeShape.obj) : warning LNK4099: PDB 'Box2D.pdb' was not found with 'Box2D.lib(b2EdgeShape.obj)' or at 'D:\School\march5Noinvisible-box\x64\Debug\Box2D.pdb'; linking object as if no debug info
Box2D.lib(b2PolygonShape.obj) : warning LNK4099: PDB 'Box2D.pdb' was not found with 'Box2D.lib(b2PolygonShape.obj)' or at 'D:\School\march5Noinvisible-box\x64\Debug\Box2D.pdb'; linking object as if no debug info
Box2D.lib(b2BroadPhase.obj) : warning LNK4099: PDB 'Box2D.pdb' was not found with 'Box2D.lib(b2BroadPhase.obj)' or at 'D:\School\march5Noinvisible-box\x64\Debug\Box2D.pdb'; linking object as if no debug info
Box2D.lib(b2CollideCircle.obj) : warning LNK4099: PDB 'Box2D.pdb' was not found with 'Box2D.lib(b2CollideCircle.obj)' or at 'D:\School\march5Noinvisible-box\x64\Debug\Box2D.pdb'; linking object as if no debug info
Box2D.lib(b2CollideEdge.obj) : warning LNK4099: PDB 'Box2D.pdb' was not found with 'Box2D.lib(b2CollideEdge.obj)' or at 'D:\School\march5Noinvisible-box\x64\Debug\Box2D.pdb'; linking object as if no debug info
Box2D.lib(b2CollidePolygon.obj) : warning LNK4099: PDB 'Box2D.pdb' was not found with 'Box2D.lib(b2CollidePolygon.obj)' or at 'D:\School\march5Noinvisible-box\x64\Debug\Box2D.pdb'; linking object as if no debug info
Box2D.lib(b2Collision.obj) : warning LNK4099: PDB 'Box2D.pdb' was not found with 'Box2D.lib(b2Collision.obj)' or at 'D:\School\march5Noinvisible-box\x64\Debug\Box2D.pdb'; linking object as if no debug info
Box2D.lib(b2Distance.obj) : warning LNK4099: PDB 'Box2D.pdb' was not found with 'Box2D.lib(b2Distance.obj)' or at 'D:\School\march5Noinvisible-box\x64\Debug\Box2D.pdb'; linking object as if no debug info
Box2D.lib(b2DynamicTree.obj) : warning LNK4099: PDB 'Box2D.pdb' was not found with 'Box2D.lib(b2DynamicTree.obj)' or at 'D:\School\march5Noinvisible-box\x64\Debug\Box2D.pdb'; linking object as if no debug info
Box2D.lib(b2TimeOfImpact.obj) : warning LNK4099: PDB 'Box2D.pdb' was not found with 'Box2D.lib(b2TimeOfImpact.obj)' or at 'D:\School\march5Noinvisible-box\x64\Debug\Box2D.pdb'; linking object as if no debug info
Box2D.lib(b2BlockAllocator.obj) : warning LNK4099: PDB 'Box2D.pdb' was not found with 'Box2D.lib(b2BlockAllocator.obj)' or at 'D:\School\march5Noinvisible-box\x64\Debug\Box2D.pdb'; linking object as if no debug info
Box2D.lib(b2Draw.obj) : warning LNK4099: PDB 'Box2D.pdb' was not found with 'Box2D.lib(b2Draw.obj)' or at 'D:\School\march5Noinvisible-box\x64\Debug\Box2D.pdb'; linking object as if no debug info
Box2D.lib(b2Math.obj) : warning LNK4099: PDB 'Box2D.pdb' was not found with 'Box2D.lib(b2Math.obj)' or at 'D:\School\march5Noinvisible-box\x64\Debug\Box2D.pdb'; linking object as if no debug info
Box2D.lib(b2Settings.obj) : warning LNK4099: PDB 'Box2D.pdb' was not found with 'Box2D.lib(b2Settings.obj)' or at 'D:\School\march5Noinvisible-box\x64\Debug\Box2D.pdb'; linking object as if no debug info
Box2D.lib(b2StackAllocator.obj) : warning LNK4099: PDB 'Box2D.pdb' was not found with 'Box2D.lib(b2StackAllocator.obj)' or at 'D:\School\march5Noinvisible-box\x64\Debug\Box2D.pdb'; linking object as if no debug info
Box2D.lib(b2Timer.obj) : warning LNK4099: PDB 'Box2D.pdb' was not found with 'Box2D.lib(b2Timer.obj)' or at 'D:\School\march5Noinvisible-box\x64\Debug\Box2D.pdb'; linking object as if no debug info
Box2D.lib(b2ChainAndCircleContact.obj) : warning LNK4099: PDB 'Box2D.pdb' was not found with 'Box2D.lib(b2ChainAndCircleContact.obj)' or at 'D:\School\march5Noinvisible-box\x64\Debug\Box2D.pdb'; linking object as if no debug info
Box2D.lib(b2ChainAndPolygonContact.obj) : warning LNK4099: PDB 'Box2D.pdb' was not found with 'Box2D.lib(b2ChainAndPolygonContact.obj)' or at 'D:\School\march5Noinvisible-box\x64\Debug\Box2D.pdb'; linking object as if no debug info
Box2D.lib(b2CircleContact.obj) : warning LNK4099: PDB 'Box2D.pdb' was not found with 'Box2D.lib(b2CircleContact.obj)' or at 'D:\School\march5Noinvisible-box\x64\Debug\Box2D.pdb'; linking object as if no debug info
Box2D.lib(b2Contact.obj) : warning LNK4099: PDB 'Box2D.pdb' was not found with 'Box2D.lib(b2Contact.obj)' or at 'D:\School\march5Noinvisible-box\x64\Debug\Box2D.pdb'; linking object as if no debug info
Box2D.lib(b2ContactSolver.obj) : warning LNK4099: PDB 'Box2D.pdb' was not found with 'Box2D.lib(b2ContactSolver.obj)' or at 'D:\School\march5Noinvisible-box\x64\Debug\Box2D.pdb'; linking object as if no debug info
Box2D.lib(b2EdgeAndCircleContact.obj) : warning LNK4099: PDB 'Box2D.pdb' was not found with 'Box2D.lib(b2EdgeAndCircleContact.obj)' or at 'D:\School\march5Noinvisible-box\x64\Debug\Box2D.pdb'; linking object as if no debug info
Box2D.lib(b2EdgeAndPolygonContact.obj) : warning LNK4099: PDB 'Box2D.pdb' was not found with 'Box2D.lib(b2EdgeAndPolygonContact.obj)' or at 'D:\School\march5Noinvisible-box\x64\Debug\Box2D.pdb'; linking object as if no debug info
Box2D.lib(b2PolygonAndCircleContact.obj) : warning LNK4099: PDB 'Box2D.pdb' was not found with 'Box2D.lib(b2PolygonAndCircleContact.obj)' or at 'D:\School\march5Noinvisible-box\x64\Debug\Box2D.pdb'; linking object as if no debug info
Box2D.lib(b2PolygonContact.obj) : warning LNK4099: PDB 'Box2D.pdb' was not found with 'Box2D.lib(b2PolygonContact.obj)' or at 'D:\School\march5Noinvisible-box\x64\Debug\Box2D.pdb'; linking object as if no debug info
Box2D.lib(b2DistanceJoint.obj) : warning LNK4099: PDB 'Box2D.pdb' was not found with 'Box2D.lib(b2DistanceJoint.obj)' or at 'D:\School\march5Noinvisible-box\x64\Debug\Box2D.pdb'; linking object as if no debug info
Box2D.lib(b2FrictionJoint.obj) : warning LNK4099: PDB 'Box2D.pdb' was not found with 'Box2D.lib(b2FrictionJoint.obj)' or at 'D:\School\march5Noinvisible-box\x64\Debug\Box2D.pdb'; linking object as if no debug info
Box2D.lib(b2GearJoint.obj) : warning LNK4099: PDB 'Box2D.pdb' was not found with 'Box2D.lib(b2GearJoint.obj)' or at 'D:\School\march5Noinvisible-box\x64\Debug\Box2D.pdb'; linking object as if no debug info
Box2D.lib(b2Joint.obj) : warning LNK4099: PDB 'Box2D.pdb' was not found with 'Box2D.lib(b2Joint.obj)' or at 'D:\School\march5Noinvisible-box\x64\Debug\Box2D.pdb'; linking object as if no debug info
Box2D.lib(b2MotorJoint.obj) : warning LNK4099: PDB 'Box2D.pdb' was not found with 'Box2D.lib(b2MotorJoint.obj)' or at 'D:\School\march5Noinvisible-box\x64\Debug\Box2D.pdb'; linking object as if no debug info
Box2D.lib(b2MouseJoint.obj) : warning LNK4099: PDB 'Box2D.pdb' was not found with 'Box2D.lib(b2MouseJoint.obj)' or at 'D:\School\march5Noinvisible-box\x64\Debug\Box2D.pdb'; linking object as if no debug info
Box2D.lib(b2PrismaticJoint.obj) : warning LNK4099: PDB 'Box2D.pdb' was not found with 'Box2D.lib(b2PrismaticJoint.obj)' or at 'D:\School\march5Noinvisible-box\x64\Debug\Box2D.pdb'; linking object as if no debug info
Box2D.lib(b2PulleyJoint.obj) : warning LNK4099: PDB 'Box2D.pdb' was not found with 'Box2D.lib(b2PulleyJoint.obj)' or at 'D:\School\march5Noinvisible-box\x64\Debug\Box2D.pdb'; linking object as if no debug info
Box2D.lib(b2RevoluteJoint.obj) : warning LNK4099: PDB 'Box2D.pdb' was not found with 'Box2D.lib(b2RevoluteJoint.obj)' or at 'D:\School\march5Noinvisible-box\x64\Debug\Box2D.pdb'; linking object as if no debug info
Box2D.lib(b2RopeJoint.obj) : warning LNK4099: PDB 'Box2D.pdb' was not found with 'Box2D.lib(b2RopeJoint.obj)' or at 'D:\School\march5Noinvisible-box\x64\Debug\Box2D.pdb'; linking object as if no debug info
Box2D.lib(b2WeldJoint.obj) : warning LNK4099: PDB 'Box2D.pdb' was not found with 'Box2D.lib(b2WeldJoint.obj)' or at 'D:\School\march5Noinvisible-box\x64\Debug\Box2D.pdb'; linking object as if no debug info
Box2D.lib(b2WheelJoint.obj) : warning LNK4099: PDB 'Box2D.pdb' was not found with 'Box2D.lib(b2WheelJoint.obj)' or at 'D:\School\march5Noinvisible-box\x64\Debug\Box2D.pdb'; linking object as if no debug info
Box2D.lib(b2Body.obj) : warning LNK4099: PDB 'Box2D.pdb' was not found with 'Box2D.lib(b2Body.obj)' or at 'D:\School\march5Noinvisible-box\x64\Debug\Box2D.pdb'; linking object as if no debug info
Box2D.lib(b2ContactManager.obj) : warning LNK4099: PDB 'Box2D.pdb' was not found with 'Box2D.lib(b2ContactManager.obj)' or at 'D:\School\march5Noinvisible-box\x64\Debug\Box2D.pdb'; linking object as if no debug info
Box2D.lib(b2Fixture.obj) : warning LNK4099: PDB 'Box2D.pdb' was not found with 'Box2D.lib(b2Fixture.obj)' or at 'D:\School\march5Noinvisible-box\x64\Debug\Box2D.pdb'; linking object as if no debug info
Box2D.lib(b2Island.obj) : warning LNK4099: PDB 'Box2D.pdb' was not found with 'Box2D.lib(b2Island.obj)' or at 'D:\School\march5Noinvisible-box\x64\Debug\Box2D.pdb'; linking object as if no debug info
Box2D.lib(b2World.obj) : warning LNK4099: PDB 'Box2D.pdb' was not found with 'Box2D.lib(b2World.obj)' or at 'D:\School\march5Noinvisible-box\x64\Debug\Box2D.pdb'; linking object as if no debug info
Box2D.lib(b2WorldCallbacks.obj) : warning LNK4099: PDB 'Box2D.pdb' was not found with 'Box2D.lib(b2WorldCallbacks.obj)' or at 'D:\School\march5Noinvisible-box\x64\Debug\Box2D.pdb'; linking object as if no debug info
  SpriteLib3.0-ExampleProject.vcxproj -> D:\School\march5Noinvisible-box\x64\Debug\SpriteLib3.0-ExampleProject.exe
